<?xml version="1.0" encoding="UTF-8"?>
<testsuite name="JavaSpec" tests="12" skipped="0" failures="3" errors="0" timestamp="2018-01-09T15:15:19" hostname="harry" time="0.269">
  <properties/>
  <testcase name="sumOfAllFactors[0]" classname="JavaSpec" time="0.201">
    <failure message="Condition not satisfied:&#10;&#10;ob.sumOfAllFactors(a,b) == c&#10;|  |               | |  |  |&#10;|  93              50|  |  9&#10;|                    |  false&#10;|                    apple&#10;com.test.t.HW4Solution@1d7b493a&#10;" type="org.spockframework.runtime.SpockComparisonFailure">Condition not satisfied:

ob.sumOfAllFactors(a,b) == c
|  |               | |  |  |
|  93              50|  |  9
|                    |  false
|                    apple
com.test.t.HW4Solution@1d7b493a

	at JavaSpec.sumOfAllFactors(JavaSpec.groovy:15)
</failure>
  </testcase>
  <testcase name="sumOfAllFactors[1]" classname="JavaSpec" time="0.021"/>
  <testcase name="sumOfAllFactors[2]" classname="JavaSpec" time="0.01">
    <failure message="Condition not satisfied:&#10;&#10;ob.sumOfAllFactors(a,b) == c&#10;|  |               | |  |  |&#10;|  56              39|  |  5&#10;|                    |  false&#10;|                    apple&#10;com.test.t.HW4Solution@8e482c2&#10;" type="org.spockframework.runtime.SpockComparisonFailure">Condition not satisfied:

ob.sumOfAllFactors(a,b) == c
|  |               | |  |  |
|  56              39|  |  5
|                    |  false
|                    apple
com.test.t.HW4Solution@8e482c2

	at JavaSpec.sumOfAllFactors(JavaSpec.groovy:15)
</failure>
  </testcase>
  <testcase name="numberOfZeros[0]" classname="JavaSpec" time="0.001"/>
  <testcase name="numberOfZeros[1]" classname="JavaSpec" time="0.001"/>
  <testcase name="numberOfZeros[2]" classname="JavaSpec" time="0.004">
    <failure message="Condition not satisfied:&#10;&#10;ob.numberOfZeros(a,b) == c&#10;|  |             | |  |  |&#10;|  28            | 47 |  2&#10;|                39   false&#10;com.test.t.HW4Solution@6b4e5c9&#10;" type="org.spockframework.runtime.SpockComparisonFailure">Condition not satisfied:

ob.numberOfZeros(a,b) == c
|  |             | |  |  |
|  28            | 47 |  2
|                39   false
com.test.t.HW4Solution@6b4e5c9

	at JavaSpec.numberOfZeros(JavaSpec.groovy:33)
</failure>
  </testcase>
  <testcase name="bits2Float[0]" classname="JavaSpec" time="0.008"/>
  <testcase name="bits2Float[1]" classname="JavaSpec" time="0.001"/>
  <testcase name="bits2Float[2]" classname="JavaSpec" time="0.0"/>
  <testcase name="dumpAsBinaryString[0]" classname="JavaSpec" time="0.0"/>
  <testcase name="dumpAsBinaryString[1]" classname="JavaSpec" time="0.0"/>
  <testcase name="dumpAsBinaryString[2]" classname="JavaSpec" time="0.001"/>
  <system-out><![CDATA[]]></system-out>
  <system-err><![CDATA[[Test worker] INFO com.athaydes.spockframework.report.internal.ConfigLoader - SpockReports config loaded: {com.athaydes.spockframework.report.showCodeBlocks=true, com.athaydes.spockframework.report.template.TemplateReportCreator.reportFileExtension=md, com.athaydes.spockframework.report.testSourceRoots=src/test/groovy, com.athaydes.spockframework.report.IReportCreator=com.athaydes.spockframework.report.template.TemplateReportCreator, com.athaydes.spockframework.report.outputDir=test report222, com.athaydes.spockframework.report.internal.HtmlReportCreator.inlineCss=true, com.athaydes.spockframework.report.internal.HtmlReportCreator.featureReportCss=spock-feature-report.css, com.athaydes.spockframework.report.hideEmptyBlocks=false, com.athaydes.spockframework.report.internal.HtmlReportCreator.summaryReportCss=spock-summary-report.css, com.athaydes.spockframework.report.projectVersion=Unknown, com.athaydes.spockframework.report.template.TemplateReportCreator.specTemplateFile=/templateReportCreator/spec-template2.md, com.athaydes.spockframework.report.template.TemplateReportCreator.summaryTemplateFile=/templateReportCreator/summary-template2.md, com.athaydes.spockframework.report.internal.HtmlReportCreator.excludeToc=false, com.athaydes.spockframework.report.template.TemplateReportCreator.enabled=true, com.athaydes.spockframework.report.projectName=, com.athaydes.spockframework.report.template.TemplateReportCreator.summaryFileName=summary.md, com.athaydes.spockframework.report.internal.HtmlReportCreator.printThrowableStackTrace=false, com.athaydes.spockframework.report.internal.HtmlReportCreator.enabled=true}
]]></system-err>
</testsuite>
