<?xml version="1.0" encoding="UTF-8"?>
<testsuite name="JavaSpec" tests="12" skipped="0" failures="3" errors="0" timestamp="2018-01-08T07:27:33" hostname="harry" time="0.222">
  <properties/>
  <testcase name="bits2Float[0]" classname="JavaSpec" time="0.188">
    <failure message="Condition not satisfied:&#10;&#10;ob.bits2Float(a,b,c) == d&#10;|  |          | | |  |  |&#10;|  |          1 | 5  |  6.01&#10;|  6.018535E-36 10   false&#10;com.test.t.HW4Solution@1d7b493a&#10;" type="org.spockframework.runtime.SpockComparisonFailure">Condition not satisfied:

ob.bits2Float(a,b,c) == d
|  |          | | |  |  |
|  |          1 | 5  |  6.01
|  6.018535E-36 10   false
com.test.t.HW4Solution@1d7b493a

	at JavaSpec.bits2Float(JavaSpec.groovy:15)
</failure>
  </testcase>
  <testcase name="bits2Float[1]" classname="JavaSpec" time="0.018"/>
  <testcase name="bits2Float[2]" classname="JavaSpec" time="0.0"/>
  <testcase name="numberOfZeros[0]" classname="JavaSpec" time="0.002">
    <failure message="Condition not satisfied:&#10;&#10;ob.numberOfZeros(a,b) == c&#10;|  |             | |  |  |&#10;|  28            | 40 |  282&#10;|                30   false&#10;com.test.t.HW4Solution@8e482c2&#10;" type="org.spockframework.runtime.SpockComparisonFailure">Condition not satisfied:

ob.numberOfZeros(a,b) == c
|  |             | |  |  |
|  28            | 40 |  282
|                30   false
com.test.t.HW4Solution@8e482c2

	at JavaSpec.numberOfZeros(JavaSpec.groovy:33)
</failure>
  </testcase>
  <testcase name="numberOfZeros[1]" classname="JavaSpec" time="0.0"/>
  <testcase name="numberOfZeros[2]" classname="JavaSpec" time="0.002">
    <failure message="Condition not satisfied:&#10;&#10;ob.numberOfZeros(a,b) == c&#10;|  |             | |  |  |&#10;|  31            8 50 |  312&#10;|                     false&#10;com.test.t.HW4Solution@39e83c60&#10;" type="org.spockframework.runtime.SpockComparisonFailure">Condition not satisfied:

ob.numberOfZeros(a,b) == c
|  |             | |  |  |
|  31            8 50 |  312
|                     false
com.test.t.HW4Solution@39e83c60

	at JavaSpec.numberOfZeros(JavaSpec.groovy:33)
</failure>
  </testcase>
  <testcase name="sumOfAllFactors[0]" classname="JavaSpec" time="0.0"/>
  <testcase name="sumOfAllFactors[1]" classname="JavaSpec" time="0.0"/>
  <testcase name="sumOfAllFactors[2]" classname="JavaSpec" time="0.0"/>
  <testcase name="dumpAsBinaryString[0]" classname="JavaSpec" time="0.0"/>
  <testcase name="dumpAsBinaryString[1]" classname="JavaSpec" time="0.0"/>
  <testcase name="dumpAsBinaryString[2]" classname="JavaSpec" time="0.0"/>
  <system-out><![CDATA[]]></system-out>
  <system-err><![CDATA[[Test worker] INFO com.athaydes.spockframework.report.internal.ConfigLoader - SpockReports config loaded: {com.athaydes.spockframework.report.showCodeBlocks=true, com.athaydes.spockframework.report.template.TemplateReportCreator.reportFileExtension=md, com.athaydes.spockframework.report.testSourceRoots=src/test/groovy, com.athaydes.spockframework.report.IReportCreator=com.athaydes.spockframework.report.template.TemplateReportCreator, com.athaydes.spockframework.report.outputDir=test report222, com.athaydes.spockframework.report.internal.HtmlReportCreator.inlineCss=true, com.athaydes.spockframework.report.internal.HtmlReportCreator.featureReportCss=spock-feature-report.css, com.athaydes.spockframework.report.hideEmptyBlocks=false, com.athaydes.spockframework.report.internal.HtmlReportCreator.summaryReportCss=spock-summary-report.css, com.athaydes.spockframework.report.projectVersion=Unknown, com.athaydes.spockframework.report.template.TemplateReportCreator.specTemplateFile=/templateReportCreator/spec-template2.md, com.athaydes.spockframework.report.template.TemplateReportCreator.summaryTemplateFile=/templateReportCreator/summary-template2.md, com.athaydes.spockframework.report.internal.HtmlReportCreator.excludeToc=false, com.athaydes.spockframework.report.template.TemplateReportCreator.enabled=true, com.athaydes.spockframework.report.projectName=, com.athaydes.spockframework.report.template.TemplateReportCreator.summaryFileName=summary.md, com.athaydes.spockframework.report.internal.HtmlReportCreator.printThrowableStackTrace=false, com.athaydes.spockframework.report.internal.HtmlReportCreator.enabled=true}
]]></system-err>
</testsuite>
